This is pdfTeX, Version 3.14159265-2.6-1.40.20 (TeX Live 2019/Termux) (preloaded format=pdflatex 2019.5.14)  3 JUN 2019 16:04
entering extended mode
 restricted \write18 enabled.
 %&-line parsing enabled.
**dll-06-02-2019.tex
(./dll-06-02-2019.tex
LaTeX2e <2018-12-01>
(/storage/emulated/0/Documents/documents/latex/1920/dll-preamble-2019.tex

! LaTeX Error: File `article.cls' not found.

Type X to quit or <RETURN> to proceed,
or enter new name. (Default extension: cls)

Enter file name: 
! Emergency stop.
<read *> 
         
l.3 \usepackage
               [pdftex]{graphicx}^^M
End of file on the terminal!

 
Here is how much of TeX's memory you used:
 14 strings out of 494553
 431 string characters out of 6175502
 52372 words of memory out of 5000000
 3778 multiletter control sequences out of 15000+600000
 3640 words of font info for 14 fonts, out of 8000000 for 9000
 14 hyphenation exceptions out of 8191
 12i,0n,8p,184b,8s stack positions out of 5000i,500n,10000p,200000b,80000s
!  ==> Fatal error occurred, no output PDF file produced!
