This is pdfTeX, Version 3.14159265-2.6-1.40.20 (TeX Live 2019/Termux) (preloaded format=pdflatex 2019.5.14)  27 JUN 2019 15:37
entering extended mode
 restricted \write18 enabled.
 %&-line parsing enabled.
**vs-factoring-general-trinomials.tex
(./vs-factoring-general-trinomials.tex
LaTeX2e <2018-12-01>

(/data/data/com.termux/files/usr/share/texlive/texmf-dist/tex/latex/base/articl
e.cls
Document Class: article 2018/09/03 v1.4i Standard LaTeX document class

(/data/data/com.termux/files/usr/share/texlive/texmf-dist/tex/latex/base/size10
.clo
File: size10.clo 2018/09/03 v1.4i Standard LaTeX file (size option)
)
\c@part=\count80
\c@section=\count81
\c@subsection=\count82
\c@subsubsection=\count83
\c@paragraph=\count84
\c@subparagraph=\count85
\c@figure=\count86
\c@table=\count87
\abovecaptionskip=\skip41
\belowcaptionskip=\skip42
\bibindent=\dimen102
)
(/data/data/com.termux/files/usr/share/texlive/texmf-dist/tex/latex/geometry/ge
ometry.sty
Package: geometry 2018/04/16 v5.8 Page Geometry

(/data/data/com.termux/files/usr/share/texlive/texmf-dist/tex/latex/graphics/ke
yval.sty
Package: keyval 2014/10/28 v1.15 key=value parser (DPC)
\KV@toks@=\toks14
)
(/data/data/com.termux/files/usr/share/texlive/texmf-dist/tex/generic/oberdiek/
ifpdf.sty
Package: ifpdf 2018/09/07 v3.3 Provides the ifpdf switch
)
(/data/data/com.termux/files/usr/share/texlive/texmf-dist/tex/generic/oberdiek/
ifvtex.sty
Package: ifvtex 2016/05/16 v1.6 Detect VTeX and its facilities (HO)
Package ifvtex Info: VTeX not detected.
)
(/data/data/com.termux/files/usr/share/texlive/texmf-dist/tex/generic/ifxetex/i
fxetex.sty
Package: ifxetex 2010/09/12 v0.6 Provides ifxetex conditional
)
\Gm@cnth=\count88
\Gm@cntv=\count89
\c@Gm@tempcnt=\count90
\Gm@bindingoffset=\dimen103
\Gm@wd@mp=\dimen104
\Gm@odd@mp=\dimen105
\Gm@even@mp=\dimen106
\Gm@layoutwidth=\dimen107
\Gm@layoutheight=\dimen108
\Gm@layouthoffset=\dimen109
\Gm@layoutvoffset=\dimen110
\Gm@dimlist=\toks15
)
(/data/data/com.termux/files/usr/share/texlive/texmf-dist/tex/latex/xcolor/xcol
or.sty
Package: xcolor 2016/05/11 v2.12 LaTeX color extensions (UK)

(/data/data/com.termux/files/usr/share/texlive/texmf-dist/tex/latex/graphics-cf
g/color.cfg
File: color.cfg 2016/01/02 v1.6 sample color configuration
)
Package xcolor Info: Driver file: pdftex.def on input line 225.

(/data/data/com.termux/files/usr/share/texlive/texmf-dist/tex/latex/graphics-de
f/pdftex.def
File: pdftex.def 2018/01/08 v1.0l Graphics/color driver for pdftex
)
Package xcolor Info: Model `cmy' substituted by `cmy0' on input line 1348.
Package xcolor Info: Model `hsb' substituted by `rgb' on input line 1352.
Package xcolor Info: Model `RGB' extended on input line 1364.
Package xcolor Info: Model `HTML' substituted by `rgb' on input line 1366.
Package xcolor Info: Model `Hsb' substituted by `hsb' on input line 1367.
Package xcolor Info: Model `tHsb' substituted by `hsb' on input line 1368.
Package xcolor Info: Model `HSB' substituted by `hsb' on input line 1369.
Package xcolor Info: Model `Gray' substituted by `gray' on input line 1370.
Package xcolor Info: Model `wave' substituted by `hsb' on input line 1371.
)
(/data/data/com.termux/files/usr/share/texlive/texmf-dist/tex/latex/enumitem/en
umitem.sty
Package: enumitem 2019/06/20 v3.9 Customized lists
\labelindent=\skip43
\enit@outerparindent=\dimen111
\enit@toks=\toks16
\enit@inbox=\box27
\enit@count@id=\count91
\enitdp@description=\count92
)
(/data/data/com.termux/files/usr/share/texlive/texmf-dist/tex/latex/anyfontsize
/anyfontsize.sty
Package: anyfontsize 2007/11/22 anyfontsize.sty by pts
)
(/data/data/com.termux/files/usr/share/texlive/texmf-dist/tex/latex/amsmath/ams
math.sty
Package: amsmath 2018/12/01 v2.17b AMS math features
\@mathmargin=\skip44

For additional information on amsmath, use the `?' option.

(/data/data/com.termux/files/usr/share/texlive/texmf-dist/tex/latex/amsmath/ams
text.sty
Package: amstext 2000/06/29 v2.01 AMS text

(/data/data/com.termux/files/usr/share/texlive/texmf-dist/tex/latex/amsmath/ams
gen.sty
File: amsgen.sty 1999/11/30 v2.0 generic functions
\@emptytoks=\toks17
\ex@=\dimen112
))
(/data/data/com.termux/files/usr/share/texlive/texmf-dist/tex/latex/amsmath/ams
bsy.sty
Package: amsbsy 1999/11/29 v1.2d Bold Symbols
\pmbraise@=\dimen113
)
(/data/data/com.termux/files/usr/share/texlive/texmf-dist/tex/latex/amsmath/ams
opn.sty
Package: amsopn 2016/03/08 v2.02 operator names
)
\inf@bad=\count93
LaTeX Info: Redefining \frac on input line 223.
\uproot@=\count94
\leftroot@=\count95
LaTeX Info: Redefining \overline on input line 385.
\classnum@=\count96
\DOTSCASE@=\count97
LaTeX Info: Redefining \ldots on input line 482.
LaTeX Info: Redefining \dots on input line 485.
LaTeX Info: Redefining \cdots on input line 606.
\Mathstrutbox@=\box28
\strutbox@=\box29
\big@size=\dimen114
LaTeX Font Info:    Redeclaring font encoding OML on input line 729.
LaTeX Font Info:    Redeclaring font encoding OMS on input line 730.
\macc@depth=\count98
\c@MaxMatrixCols=\count99
\dotsspace@=\muskip10
\c@parentequation=\count100
\dspbrk@lvl=\count101
\tag@help=\toks18
\row@=\count102
\column@=\count103
\maxfields@=\count104
\andhelp@=\toks19
\eqnshift@=\dimen115
\alignsep@=\dimen116
\tagshift@=\dimen117
\tagwidth@=\dimen118
\totwidth@=\dimen119
\lineht@=\dimen120
\@envbody=\toks20
\multlinegap=\skip45
\multlinetaggap=\skip46
\mathdisplay@stack=\toks21
LaTeX Info: Redefining \[ on input line 2844.
LaTeX Info: Redefining \] on input line 2845.
)
(/data/data/com.termux/files/usr/share/texlive/texmf-dist/tex/latex/tools/bm.st
y
Package: bm 2017/01/16 v1.2c Bold Symbol Support (DPC/FMi)
\symboldoperators=\mathgroup4
\symboldletters=\mathgroup5
\symboldsymbols=\mathgroup6
LaTeX Font Info:    Redeclaring math alphabet \mathbf on input line 141.
LaTeX Info: Redefining \bm on input line 207.
)
(/data/data/com.termux/files/usr/share/texlive/texmf-dist/tex/latex/multirow/mu
ltirow.sty
Package: multirow 2019/05/31 v2.5 Span multiple rows of a table
\multirow@colwidth=\skip47
\multirow@cntb=\count105
\multirow@dima=\skip48
\bigstrutjot=\dimen121
)
(/data/data/com.termux/files/usr/share/texlive/texmf-dist/tex/latex/was/gensymb
.sty
Package: gensymb 2003/07/02 v1.0 (WaS)
)
(/data/data/com.termux/files/usr/share/texlive/texmf-dist/tex/latex/base/flafte
r.sty
Package: flafter 2018/11/28 v1.4d Standard LaTeX floats after reference (FMi)
Applying: [2015/01/01] float order in 2-column on input line 49.
Already applied: [0000/00/00] float order in 2-column on input line 151.
)
(/data/data/com.termux/files/usr/share/texlive/texmf-dist/tex/latex/amsfonts/am
ssymb.sty
Package: amssymb 2013/01/14 v3.01 AMS font symbols

(/data/data/com.termux/files/usr/share/texlive/texmf-dist/tex/latex/amsfonts/am
sfonts.sty
Package: amsfonts 2013/01/14 v3.01 Basic AMSFonts support
\symAMSa=\mathgroup7
\symAMSb=\mathgroup8
LaTeX Font Info:    Overwriting math alphabet `\mathfrak' in version `bold'
(Font)                  U/euf/m/n --> U/euf/b/n on input line 106.
))
(/data/data/com.termux/files/usr/share/texlive/texmf-dist/tex/latex/cancel/canc
el.sty
Package: cancel 2013/04/12 v2.2 Cancel math terms
)
(/data/data/com.termux/files/usr/share/texlive/texmf-dist/tex/latex/units/units
.sty
Package: units 1998/08/04 v0.9b Typesetting units

(/data/data/com.termux/files/usr/share/texlive/texmf-dist/tex/latex/base/ifthen
.sty
Package: ifthen 2014/09/29 v1.1c Standard LaTeX ifthen package (DPC)
)
(/data/data/com.termux/files/usr/share/texlive/texmf-dist/tex/latex/units/nicef
rac.sty
Package: nicefrac 1998/08/04 v0.9b Nice fractions
\L@UnitsRaiseDisplaystyle=\skip49
\L@UnitsRaiseTextstyle=\skip50
\L@UnitsRaiseScriptstyle=\skip51
))
(/data/data/com.termux/files/usr/share/texlive/texmf-dist/tex/latex/microtype/m
icrotype.sty
Package: microtype 2019/02/28 v2.7b Micro-typographical refinements (RS)
\MT@toks=\toks22
\MT@count=\count106
LaTeX Info: Redefining \textls on input line 790.
\MT@outer@kern=\dimen122
LaTeX Info: Redefining \textmicrotypecontext on input line 1336.
\MT@listname@count=\count107

(/data/data/com.termux/files/usr/share/texlive/texmf-dist/tex/latex/microtype/m
icrotype-pdftex.def
File: microtype-pdftex.def 2019/02/28 v2.7b Definitions specific to pdftex (RS)

LaTeX Info: Redefining \lsstyle on input line 914.
LaTeX Info: Redefining \lslig on input line 914.
\MT@outer@space=\skip52
)
Package microtype Info: Loading configuration file microtype.cfg.

(/data/data/com.termux/files/usr/share/texlive/texmf-dist/tex/latex/microtype/m
icrotype.cfg
File: microtype.cfg 2019/02/28 v2.7b microtype main configuration file (RS)
))
(/data/data/com.termux/files/usr/share/texlive/texmf-dist/tex/latex/hfoldsty/hf
oldsty.sty
Package: hfoldsty 2012/01/01 v1.15 European Computer Modern with oldstyle digit
s

(/data/data/com.termux/files/usr/share/texlive/texmf-dist/tex/latex/base/fonten
c.sty
Package: fontenc 2018/08/11 v2.0j Standard LaTeX package

(/data/data/com.termux/files/usr/share/texlive/texmf-dist/tex/latex/base/t1enc.
def
File: t1enc.def 2018/08/11 v2.0j Standard LaTeX file
LaTeX Font Info:    Redeclaring font encoding T1 on input line 48.
))
hfoldsty: Using all design sizes
LaTeX Info: Redefining \oldstylenums on input line 57.
)
(/data/data/com.termux/files/usr/share/texlive/texmf-dist/tex/latex/base/fixltx
2e.sty
Package: fixltx2e 2016/12/29 v2.1a fixes to LaTeX (obsolete)
Applying: [2015/01/01] Old fixltx2e package on input line 46.


Package fixltx2e Warning: fixltx2e is not required with releases after 2015
(fixltx2e)                All fixes are now in the LaTeX kernel.
(fixltx2e)                See the latexrelease package for details.

Already applied: [0000/00/00] Old fixltx2e package on input line 53.
)
(/data/data/com.termux/files/usr/share/texlive/texmf-dist/tex/latex/psnfss/math
ptmx.sty
Package: mathptmx 2005/04/12 PSNFSS-v9.2a Times w/ Math, improved (SPQR, WaS) 
LaTeX Font Info:    Redeclaring symbol font `operators' on input line 28.
LaTeX Font Info:    Overwriting symbol font `operators' in version `normal'
(Font)                  OT1/cmr/m/n --> OT1/ztmcm/m/n on input line 28.
LaTeX Font Info:    Overwriting symbol font `operators' in version `bold'
(Font)                  OT1/cmr/bx/n --> OT1/ztmcm/m/n on input line 28.
LaTeX Font Info:    Redeclaring symbol font `letters' on input line 29.
LaTeX Font Info:    Overwriting symbol font `letters' in version `normal'
(Font)                  OML/cmm/m/it --> OML/ztmcm/m/it on input line 29.
LaTeX Font Info:    Overwriting symbol font `letters' in version `bold'
(Font)                  OML/cmm/b/it --> OML/ztmcm/m/it on input line 29.
LaTeX Font Info:    Redeclaring symbol font `symbols' on input line 30.
LaTeX Font Info:    Overwriting symbol font `symbols' in version `normal'
(Font)                  OMS/cmsy/m/n --> OMS/ztmcm/m/n on input line 30.
LaTeX Font Info:    Overwriting symbol font `symbols' in version `bold'
(Font)                  OMS/cmsy/b/n --> OMS/ztmcm/m/n on input line 30.
LaTeX Font Info:    Redeclaring symbol font `largesymbols' on input line 31.
LaTeX Font Info:    Overwriting symbol font `largesymbols' in version `normal'
(Font)                  OMX/cmex/m/n --> OMX/ztmcm/m/n on input line 31.
LaTeX Font Info:    Overwriting symbol font `largesymbols' in version `bold'
(Font)                  OMX/cmex/m/n --> OMX/ztmcm/m/n on input line 31.
\symbold=\mathgroup9
\symitalic=\mathgroup10
LaTeX Font Info:    Redeclaring math alphabet \mathbf on input line 34.
LaTeX Font Info:    Redeclaring math alphabet \mathit on input line 35.
LaTeX Font Info:    Overwriting math alphabet `\mathit' in version `normal'
(Font)                  OT1/cmr/m/it --> OT1/ptm/m/it on input line 35.
LaTeX Font Info:    Overwriting math alphabet `\mathit' in version `bold'
(Font)                  OT1/cmr/bx/it --> OT1/ptm/m/it on input line 35.
LaTeX Info: Redefining \hbar on input line 50.
)
(/data/data/com.termux/files/usr/share/texlive/texmf-dist/tex/latex/numprint/nu
mprint.sty
Package: numprint 2012/08/20 v1.39 Print numbers (HH)

(/data/data/com.termux/files/usr/share/texlive/texmf-dist/tex/latex/tools/array
.sty
Package: array 2018/12/30 v2.4k Tabular extension package (FMi)
\col@sep=\dimen123
\ar@mcellbox=\box30
\extrarowheight=\dimen124
\NC@list=\toks23
\extratabsurround=\skip53
\backup@length=\skip54
\ar@cellbox=\box31
)
\c@nprt@mantissa@digitsbefore=\count108
\c@nprt@mantissa@digitsafter=\count109
\c@nprt@exponent@digitsbefore=\count110
\c@nprt@exponent@digitsafter=\count111
\nprt@digitwidth=\skip55
\nprt@sepwidth=\skip56
\nprt@decimalwidth=\skip57
\nprt@blockwidth=\skip58
\nprt@digittoks=\toks24
\nprt@pretoks=\toks25
\nprt@posttoks=\toks26
\nprt@thisdigit=\count112
\nprt@curpos=\count113
\nprt@rndpos=\count114
\c@nprt@digitsfirstblock=\count115
\c@nprt@blockcnt=\count116
\c@nprt@cntprint=\count117
 No configuration file `numprint.cfg' found.)
(/data/data/com.termux/files/usr/share/texlive/texmf-dist/tex/latex/base/inpute
nc.sty
Package: inputenc 2018/08/11 v1.3c Input encoding file
\inpenc@prehook=\toks27
\inpenc@posthook=\toks28
)
(/data/data/com.termux/files/usr/share/texlive/texmf-dist/tex/latex/base/fonten
c.sty
Package: fontenc 2018/08/11 v2.0j Standard LaTeX package

(/data/data/com.termux/files/usr/share/texlive/texmf-dist/tex/latex/base/t1enc.
def
File: t1enc.def 2018/08/11 v2.0j Standard LaTeX file
LaTeX Font Info:    Redeclaring font encoding T1 on input line 48.
)) (./vs-factoring-general-trinomials.aux)
\openout1 = `vs-factoring-general-trinomials.aux'.

LaTeX Font Info:    Checking defaults for OML/cmm/m/it on input line 44.
LaTeX Font Info:    ... okay on input line 44.
LaTeX Font Info:    Checking defaults for T1/cmr/m/n on input line 44.
LaTeX Font Info:    ... okay on input line 44.
LaTeX Font Info:    Checking defaults for OT1/cmr/m/n on input line 44.
LaTeX Font Info:    ... okay on input line 44.
LaTeX Font Info:    Checking defaults for OMS/cmsy/m/n on input line 44.
LaTeX Font Info:    ... okay on input line 44.
LaTeX Font Info:    Checking defaults for OMX/cmex/m/n on input line 44.
LaTeX Font Info:    ... okay on input line 44.
LaTeX Font Info:    Checking defaults for U/cmr/m/n on input line 44.
LaTeX Font Info:    ... okay on input line 44.
LaTeX Font Info:    Try loading font information for T1+ptm on input line 44.

(/data/data/com.termux/files/usr/share/texlive/texmf-dist/tex/latex/psnfss/t1pt
m.fd
File: t1ptm.fd 2001/06/04 font definitions for T1/ptm.
)
*geometry* driver: auto-detecting
*geometry* detected driver: pdftex
*geometry* verbose mode - [ preamble ] result:
* driver: pdftex
* paper: letterpaper
* layout: <same size as paper>
* layoutoffset:(h,v)=(0.0pt,0.0pt)
* modes: landscape 
* h-part:(L,W,R)=(21.68121pt, 751.60756pt, 21.68121pt)
* v-part:(T,H,B)=(36.135pt, 542.02501pt, 36.135pt)
* \paperwidth=794.96999pt
* \paperheight=614.295pt
* \textwidth=751.60756pt
* \textheight=542.02501pt
* \oddsidemargin=-50.58878pt
* \evensidemargin=-50.58878pt
* \topmargin=-73.135pt
* \headheight=12.0pt
* \headsep=25.0pt
* \topskip=10.0pt
* \footskip=30.0pt
* \marginparwidth=65.0pt
* \marginparsep=11.0pt
* \columnsep=10.0pt
* \skip\footins=9.0pt plus 4.0pt minus 2.0pt
* \hoffset=0.0pt
* \voffset=0.0pt
* \mag=1000
* \@twocolumnfalse
* \@twosidefalse
* \@mparswitchfalse
* \@reversemarginfalse
* (1in=72.27pt=25.4mm, 1cm=28.453pt)


(/data/data/com.termux/files/usr/share/texlive/texmf-dist/tex/context/base/mkii
/supp-pdf.mkii
[Loading MPS to PDF converter (version 2006.09.02).]
\scratchcounter=\count118
\scratchdimen=\dimen125
\scratchbox=\box32
\nofMPsegments=\count119
\nofMParguments=\count120
\everyMPshowfont=\toks29
\MPscratchCnt=\count121
\MPscratchDim=\dimen126
\MPnumerator=\count122
\makeMPintoPDFobject=\count123
\everyMPtoPDFconversion=\toks30
)
LaTeX Info: Redefining \celsius on input line 44.
Package gensymb Info: Faking symbols for \degree and \celsius on input line 44.



Package gensymb Warning: Not defining \perthousand.

LaTeX Info: Redefining \ohm on input line 44.
Package gensymb Info: Using \upOmega for \ohm on input line 44.

Package gensymb Warning: Not defining \micro.

LaTeX Info: Redefining \microtypecontext on input line 44.
Package microtype Info: Generating PDF output.
Package microtype Info: Character protrusion enabled (level 2).
Package microtype Info: Using default protrusion set `alltext'.
Package microtype Info: Automatic font expansion enabled (level 2),
(microtype)             stretch: 20, shrink: 20, step: 1, non-selected.
Package microtype Info: Using default expansion set `basictext'.
Package microtype Info: No adjustment of tracking.
Package microtype Info: No adjustment of interword spacing.
Package microtype Info: No adjustment of character kerning.

(/data/data/com.termux/files/usr/share/texlive/texmf-dist/tex/latex/microtype/m
t-ptm.cfg
File: mt-ptm.cfg 2006/04/20 v1.7 microtype config. file: Times (RS)
)

Package mathptmx Warning: There are no bold math fonts on input line 46.

LaTeX Font Info:    Try loading font information for T1+pnc on input line 48.

(/data/data/com.termux/files/usr/share/texlive/texmf-dist/tex/latex/psnfss/t1pn
c.fd
File: t1pnc.fd 2001/06/04 font definitions for T1/pnc.
)
Package microtype Info: Loading generic protrusion settings for font family
(microtype)             `pnc' (encoding: T1).
(microtype)             For optimal results, create family-specific settings.
(microtype)             See the microtype manual for details.
 (./vs-factoring-general-trinomials-input.tex
LaTeX Font Info:    Font shape `T1/pnc/bx/n' in size <43> not available
(Font)              Font shape `T1/pnc/b/n' tried instead on input line 2.
LaTeX Font Info:    Calculating math sizes for size <43> on input line 7.
LaTeX Font Info:    Try loading font information for OT1+ztmcm on input line 7.


(/data/data/com.termux/files/usr/share/texlive/texmf-dist/tex/latex/psnfss/ot1z
tmcm.fd
File: ot1ztmcm.fd 2000/01/03 Fontinst v1.801 font definitions for OT1/ztmcm.
)
Package microtype Info: Loading generic protrusion settings for font family
(microtype)             `ztmcm' (encoding: OT1).
(microtype)             For optimal results, create family-specific settings.
(microtype)             See the microtype manual for details.
LaTeX Font Info:    Try loading font information for OML+ztmcm on input line 7.


(/data/data/com.termux/files/usr/share/texlive/texmf-dist/tex/latex/psnfss/omlz
tmcm.fd
File: omlztmcm.fd 2000/01/03 Fontinst v1.801 font definitions for OML/ztmcm.
)
LaTeX Font Info:    Try loading font information for OMS+ztmcm on input line 7.


(/data/data/com.termux/files/usr/share/texlive/texmf-dist/tex/latex/psnfss/omsz
tmcm.fd
File: omsztmcm.fd 2000/01/03 Fontinst v1.801 font definitions for OMS/ztmcm.
)
LaTeX Font Info:    Try loading font information for OMX+ztmcm on input line 7.


(/data/data/com.termux/files/usr/share/texlive/texmf-dist/tex/latex/psnfss/omxz
tmcm.fd
File: omxztmcm.fd 2000/01/03 Fontinst v1.801 font definitions for OMX/ztmcm.
)
(/data/data/com.termux/files/usr/share/texlive/texmf-dist/tex/latex/microtype/m
t-cmr.cfg
File: mt-cmr.cfg 2013/05/19 v2.2 microtype config. file: Computer Modern Roman 
(RS)
)
(/data/data/com.termux/files/usr/share/texlive/texmf-dist/tex/latex/microtype/m
t-msa.cfg
File: mt-msa.cfg 2006/02/04 v1.1 microtype config. file: AMS symbols (a) (RS)
)
(/data/data/com.termux/files/usr/share/texlive/texmf-dist/tex/latex/microtype/m
t-msb.cfg
File: mt-msb.cfg 2005/06/01 v1.0 microtype config. file: AMS symbols (b) (RS)
)
LaTeX Font Info:    Try loading font information for OT1+ptm on input line 7.

(/data/data/com.termux/files/usr/share/texlive/texmf-dist/tex/latex/psnfss/ot1p
tm.fd
File: ot1ptm.fd 2001/06/04 font definitions for OT1/ptm.
)
LaTeX Font Info:    Font shape `OT1/ptm/bx/n' in size <43> not available
(Font)              Font shape `OT1/ptm/b/n' tried instead on input line 7.
LaTeX Font Info:    Font shape `OT1/ptm/bx/n' in size <31.82024> not available
(Font)              Font shape `OT1/ptm/b/n' tried instead on input line 7.
LaTeX Font Info:    Font shape `OT1/ptm/bx/n' in size <25.80026> not available
(Font)              Font shape `OT1/ptm/b/n' tried instead on input line 7.

Overfull \hbox (18.48944pt too wide) in paragraph at lines 11--12
[]\T1/pnc/m/n/43 Replace the mid-dle term with the sum
 []

) [1

{/data/data/com.termux/files/usr/share/texlive/texmf-var/fonts/map/pdftex/updma
p/pdftex.map}] (./vs-factoring-general-trinomials.aux) ) 
Here is how much of TeX's memory you used:
 5588 strings out of 494553
 86224 string characters out of 6175502
 186829 words of memory out of 5000000
 9139 multiletter control sequences out of 15000+600000
 27793 words of font info for 64 fonts, out of 8000000 for 9000
 14 hyphenation exceptions out of 8191
 31i,5n,38p,503b,187s stack positions out of 5000i,500n,10000p,200000b,80000s
{/data/data/com.termux/
files/usr/share/texlive/texmf-dist/fonts/enc/dvips/base/8r.enc}</data/data/com.
termux/files/usr/share/texlive/texmf-dist/fonts/type1/public/amsfonts/cm/cmr10.
pfb></data/data/com.termux/files/usr/share/texlive/texmf-dist/fonts/type1/urw/n
cntrsbk/uncb8a.pfb></data/data/com.termux/files/usr/share/texlive/texmf-dist/fo
nts/type1/urw/ncntrsbk/uncr8a.pfb></data/data/com.termux/files/usr/share/texliv
e/texmf-dist/fonts/type1/urw/times/utmr8a.pfb></data/data/com.termux/files/usr/
share/texlive/texmf-dist/fonts/type1/urw/times/utmri8a.pfb>
Output written on vs-factoring-general-trinomials.pdf (1 page, 37320 bytes).
PDF statistics:
 29 PDF objects out of 1000 (max. 8388607)
 20 compressed objects within 1 object stream
 0 named destinations out of 1000 (max. 500000)
 8193 words of extra memory for PDF output out of 10000 (max. 10000000)

