This is pdfTeX, Version 3.14159265-2.6-1.40.20 (TeX Live 2019/Termux) (preloaded format=pdflatex 2019.11.22)  31 JAN 2020 20:51
entering extended mode
 restricted \write18 enabled.
 %&-line parsing enabled.
**beamer-zeros-of-a-polynomial-function.tex
(./beamer-zeros-of-a-polynomial-function.tex
LaTeX2e <2018-12-01>

! LaTeX Error: File `beamer.cls' not found.

Type X to quit or <RETURN> to proceed,
or enter new name. (Default extension: cls)

Enter file name: 
! Undefined control sequence.
<recently read> \usetheme 
                          
l.5 \usetheme
             {Boadilla}
? 
! Emergency stop.
<recently read> \usetheme 
                          
l.5 \usetheme
             {Boadilla}
End of file on the terminal!

 
Here is how much of TeX's memory you used:
 11 strings out of 494560
 315 string characters out of 6175572
 52049 words of memory out of 5000000
 3772 multiletter control sequences out of 15000+600000
 3640 words of font info for 14 fonts, out of 8000000 for 9000
 14 hyphenation exceptions out of 8191
 10i,0n,8p,254b,8s stack positions out of 5000i,500n,10000p,200000b,80000s
!  ==> Fatal error occurred, no output PDF file produced!
