This is pdfTeX, Version 3.14159265-2.6-1.40.20 (TeX Live 2019/Termux) (preloaded format=pdflatex 2019.5.14)  25 JUL 2019 10:29
entering extended mode
 restricted \write18 enabled.
 %&-line parsing enabled.
**vs-factor-theorem-input.tex
(./vs-factor-theorem-input.tex
LaTeX2e <2018-12-01>

! LaTeX Error: Missing \begin{document}.

See the LaTeX manual or LaTeX Companion for explanation.
Type  H <return>  for immediate help.
 ...                                              
                                                  
l.1 \begin{center}
                  
? 
! Interruption.
\GenericError  ...                                
                                                  \endgroup 
l.1 \begin{center}
                  
? 
! Emergency stop.
\GenericError  ...                                
                                                  \endgroup 
l.1 \begin{center}
                  
End of file on the terminal!

 
Here is how much of TeX's memory you used:
 5 strings out of 494553
 198 string characters out of 6175502
 52263 words of memory out of 5000000
 3775 multiletter control sequences out of 15000+600000
 3640 words of font info for 14 fonts, out of 8000000 for 9000
 14 hyphenation exceptions out of 8191
 9i,0n,4p,51b,22s stack positions out of 5000i,500n,10000p,200000b,80000s
!  ==> Fatal error occurred, no output PDF file produced!
